<?xml version="1.0" encoding="UTF-8"?>
<!-- Generated by org.testng.reporters.JUnitReportReporter -->
<testsuite hostname="DESKTOP-ARFGACR" failures="0" tests="2" name="com.MyTests.TestClass" time="109.875" errors="0" timestamp="2023-01-13T12:32:11 IST" skipped="0">
  <testcase classname="com.MyTests.TestClass" name="navigateToCheckoutPage" time="33.796"/>
  <system-out/>
  <testcase classname="com.MyTests.TestClass" name="navigateToSummeryPage" time="76.079"/>
  <system-out/>
</testsuite> <!-- com.MyTests.TestClass -->
